<?xml version="1.0" encoding="UTF-8"?>
<!-- Generated by org.testng.reporters.JUnitReportReporter -->
<testsuite hostname="yash" failures="0" tests="1" name="com.actitime.testscript.CreateModule" time="24.024" errors="0" timestamp="18 Jan 2023 17:11:41 GMT" skipped="0">
  <testcase classname="com.actitime.testscript.CreateModule" name="CreateCustomer" time="24.024"/>
</testsuite> <!-- com.actitime.testscript.CreateModule -->
